2022-07-22 03:59:08,695 [INFO] Activator:177 - 


2022-07-22 03:59:08,699 [INFO] Activator:178 - !SESSION log4j initialized
2022-07-22 03:59:24,887 [INFO] McuFinderGlobals:39 - Set McuFinder mode to 2 (CubeIDE integrated)
2022-07-22 03:59:25,465 [INFO] ApplicationProperties:181 - Using Application install path: C:\ST\STM32CubeIDE_1.9.0\STM32CubeIDE\plugins\com.st.stm32cube.common.mx_6.5.0.202202251913
2022-07-22 03:59:25,494 [INFO] DbMcusXml:72 - Set database path to: C:\ST\STM32CubeIDE_1.9.0\STM32CubeIDE\plugins\com.st.stm32cube.common.mx_6.5.0.202202251913\\db\/mcu/
2022-07-22 03:59:25,495 [INFO] ApiDb:260 - Set plugin database path to: C:\ST\STM32CubeIDE_1.9.0\STM32CubeIDE\plugins\com.st.stm32cube.common.mx_6.5.0.202202251913\\db\/plugins/boardmanager/
2022-07-22 03:59:25,499 [WARN] ApiDb:245 - Overriding images path with different value:  => C:\ST\STM32CubeIDE_1.9.0\STM32CubeIDE\plugins\com.st.stm32cube.common.mx_6.5.0.202202251913\\db\/plugins/mcufinder/images/
2022-07-22 03:59:25,522 [INFO] ApiDb:226 - Set database path to: C:\Users\MY COMPUTER\.stmcufinder\plugins\mcufinder//mcu/
2022-07-22 03:59:25,524 [INFO] DbMcusAds:119 - Set database path to: C:\Users\MY COMPUTER\.stmcufinder\plugins\mcufinder//mcu/
2022-07-22 03:59:26,366 [INFO] CrossReferenceDbSqlite:196 - Set database path to: C:\Users\MY COMPUTER\.stmcufinder\plugins\mcufinder//mcu/cs/
2022-07-22 03:59:26,554 [INFO] RulesReader:57 - Compatibility file has been processed (281 Rules)
2022-07-22 03:59:26,718 [INFO] DbMcusXml:72 - Set database path to: C:\ST\STM32CubeIDE_1.9.0\STM32CubeIDE\plugins\com.st.stm32cube.common.mx_6.5.0.202202251913\\db\/mcu/
2022-07-22 03:59:26,719 [INFO] ApiDb:260 - Set plugin database path to: C:\ST\STM32CubeIDE_1.9.0\STM32CubeIDE\plugins\com.st.stm32cube.common.mx_6.5.0.202202251913\\db\/plugins/boardmanager/
2022-07-22 03:59:26,719 [INFO] ApiDb:247 - Set plugin images path to: C:\ST\STM32CubeIDE_1.9.0\STM32CubeIDE\plugins\com.st.stm32cube.common.mx_6.5.0.202202251913\\db\/plugins/mcufinder/images/
2022-07-22 03:59:26,720 [WARN] DbFile:35 - Overriding database path with different value: C:\Users\MY COMPUTER\.stmcufinder\plugins\mcufinder/ => C:\Users\MY COMPUTER\.stmcufinder\plugins\mcufinder
2022-07-22 03:59:26,720 [INFO] ApiDb:226 - Set database path to: C:\Users\MY COMPUTER\.stmcufinder\plugins\mcufinder//mcu/
2022-07-22 03:59:26,720 [WARN] DbFile:35 - Overriding database path with different value: C:\Users\MY COMPUTER\.stmcufinder\plugins\mcufinder/ => C:\Users\MY COMPUTER\.stmcufinder\plugins\mcufinder
2022-07-22 03:59:26,721 [INFO] DbMcusAds:119 - Set database path to: C:\Users\MY COMPUTER\.stmcufinder\plugins\mcufinder//mcu/
2022-07-22 03:59:26,722 [WARN] DbFile:35 - Overriding database path with different value: C:\Users\MY COMPUTER\.stmcufinder\plugins\mcufinder/ => C:\Users\MY COMPUTER\.stmcufinder\plugins\mcufinder
2022-07-22 03:59:26,723 [WARN] DbFile:35 - Overriding database path with different value: C:\Users\MY COMPUTER\.stmcufinder\plugins\mcufinder/ => C:\Users\MY COMPUTER\.stmcufinder\plugins\mcufinder
2022-07-22 03:59:27,363 [INFO] CrossReferenceDbSqlite:196 - Set database path to: C:\Users\MY COMPUTER\.stmcufinder\plugins\mcufinder//mcu/cs/
2022-07-22 03:59:27,507 [INFO] MainPanel:230 - HeapMemory: 268435456
2022-07-22 03:59:27,680 [INFO] DbMcusXml:72 - Set database path to: C:\ST\STM32CubeIDE_1.9.0\STM32CubeIDE\plugins\com.st.stm32cube.common.mx_6.5.0.202202251913\\db\/mcu/
2022-07-22 03:59:27,681 [INFO] ApiDb:260 - Set plugin database path to: C:\ST\STM32CubeIDE_1.9.0\STM32CubeIDE\plugins\com.st.stm32cube.common.mx_6.5.0.202202251913\\db\/plugins/boardmanager/
2022-07-22 03:59:27,681 [INFO] ApiDb:247 - Set plugin images path to: C:\ST\STM32CubeIDE_1.9.0\STM32CubeIDE\plugins\com.st.stm32cube.common.mx_6.5.0.202202251913\\db\/plugins/mcufinder/images/
2022-07-22 03:59:27,682 [WARN] DbFile:35 - Overriding database path with different value: C:\Users\MY COMPUTER\.stmcufinder\plugins\mcufinder/ => C:\Users\MY COMPUTER\.stmcufinder\plugins\mcufinder
2022-07-22 03:59:27,682 [INFO] ApiDb:226 - Set database path to: C:\Users\MY COMPUTER\.stmcufinder\plugins\mcufinder//mcu/
2022-07-22 03:59:27,683 [WARN] DbFile:35 - Overriding database path with different value: C:\Users\MY COMPUTER\.stmcufinder\plugins\mcufinder/ => C:\Users\MY COMPUTER\.stmcufinder\plugins\mcufinder
2022-07-22 03:59:27,683 [INFO] DbMcusAds:119 - Set database path to: C:\Users\MY COMPUTER\.stmcufinder\plugins\mcufinder//mcu/
2022-07-22 03:59:27,683 [WARN] DbFile:35 - Overriding database path with different value: C:\Users\MY COMPUTER\.stmcufinder\plugins\mcufinder/ => C:\Users\MY COMPUTER\.stmcufinder\plugins\mcufinder
2022-07-22 03:59:27,683 [WARN] DbFile:35 - Overriding database path with different value: C:\Users\MY COMPUTER\.stmcufinder\plugins\mcufinder/ => C:\Users\MY COMPUTER\.stmcufinder\plugins\mcufinder
2022-07-22 03:59:28,364 [INFO] CrossReferenceDbSqlite:196 - Set database path to: C:\Users\MY COMPUTER\.stmcufinder\plugins\mcufinder//mcu/cs/
2022-07-22 03:59:28,416 [INFO] ApplicationProperties:181 - Using Application install path: C:\ST\STM32CubeIDE_1.9.0\STM32CubeIDE\plugins\com.st.stm32cube.common.mx_6.5.0.202202251913
2022-07-22 03:59:28,418 [INFO] PluginManage:188 - Search for loadable plugins [exclusion list=, ]
2022-07-22 03:59:28,421 [INFO] PluginManage:302 - Check plugin analytics
2022-07-22 03:59:29,492 [INFO] AnalyticsPlugin:257 - Accepted Software Licenses: 
2022-07-22 03:59:29,492 [INFO] AnalyticsPlugin:259 - Accepted CMSIS Pack Licenses: 
2022-07-22 03:59:29,493 [INFO] AnalyticsPlugin:261 - Accepted Firmware Licenses: 
2022-07-22 03:59:29,507 [INFO] PluginManage:352 - Loaded plugin analytics (category:tool,tabindex:-1)
2022-07-22 03:59:29,507 [INFO] PluginManage:302 - Check plugin clock
2022-07-22 03:59:29,544 [INFO] PluginManage:352 - Loaded plugin clock (category:base,tabindex:2)
2022-07-22 03:59:29,544 [INFO] PluginManage:302 - Check plugin ddr
2022-07-22 03:59:29,548 [INFO] PluginManage:352 - Loaded plugin ddr (category:tool,tabindex:6)
2022-07-22 03:59:29,549 [INFO] PluginManage:302 - Check plugin filemanager
2022-07-22 03:59:29,743 [INFO] PluginManage:352 - Loaded plugin filemanager (category:base,tabindex:10)
2022-07-22 03:59:29,743 [INFO] PluginManage:302 - Check plugin ipmanager
2022-07-22 03:59:29,754 [INFO] PluginManage:352 - Loaded plugin ipmanager (category:base,tabindex:5)
2022-07-22 03:59:29,755 [INFO] PluginManage:302 - Check plugin lpbam
2022-07-22 03:59:29,778 [INFO] PluginManage:352 - Loaded plugin lpbam (category:base,tabindex:0)
2022-07-22 03:59:29,778 [INFO] PluginManage:302 - Check plugin pinoutandconfiguration
2022-07-22 03:59:29,797 [INFO] PluginManage:352 - Loaded plugin pinoutandconfiguration (category:base,tabindex:1)
2022-07-22 03:59:29,797 [INFO] PluginManage:302 - Check plugin pinoutconfig
2022-07-22 03:59:29,848 [INFO] PluginManage:352 - Loaded plugin pinoutconfig (category:base,tabindex:0)
2022-07-22 03:59:29,848 [INFO] PluginManage:302 - Check plugin power
2022-07-22 03:59:29,874 [INFO] PluginManage:352 - Loaded plugin power (category:power,tabindex:4)
2022-07-22 03:59:29,875 [INFO] PluginManage:302 - Check plugin projectmanager
2022-07-22 03:59:29,900 [INFO] PluginManage:352 - Loaded plugin projectmanager (category:projectmanager,tabindex:3)
2022-07-22 03:59:29,901 [INFO] PluginManage:302 - Check plugin thirdparty
2022-07-22 03:59:30,244 [WARN] IntegrityCheckThread:78 - waiting for thirdparty lock release [integrity check]
2022-07-22 03:59:30,245 [INFO] PluginManage:352 - Loaded plugin thirdparty (category:base,tabindex:-1)
2022-07-22 03:59:30,245 [INFO] IntegrityCheckThread:80 - entering critical section [integrity check]
2022-07-22 03:59:30,246 [INFO] PluginManage:302 - Check plugin tools
2022-07-22 03:59:30,250 [INFO] ThirdPartyUpdaterWithRetryManager:66 - Updater plugin not ready yet. [1/15]
2022-07-22 03:59:30,318 [INFO] PluginManage:352 - Loaded plugin tools (category:base,tabindex:7)
2022-07-22 03:59:30,318 [INFO] PluginManage:302 - Check plugin tutovideos
2022-07-22 03:59:30,774 [INFO] PluginManage:352 - Loaded plugin tutovideos (category:base,tabindex:-1)
2022-07-22 03:59:30,774 [INFO] PluginManage:302 - Check plugin updater
2022-07-22 03:59:30,797 [INFO] PluginManage:352 - Loaded plugin updater (category:base,tabindex:12)
2022-07-22 03:59:30,799 [INFO] PluginManage:275 - PluginManage : Loaded plugins [14]
2022-07-22 03:59:31,250 [INFO] PinOutPanel:1465 - setPackage(No Configuration,No Configuration)
2022-07-22 03:59:31,423 [INFO] IPUIPlugin:75 - create IPUIPlugin
2022-07-22 03:59:31,424 [INFO] PluginManager:213 - loadIPPluginJar : add adc
2022-07-22 03:59:31,460 [INFO] IPUIPlugin:75 - create IPUIPlugin
2022-07-22 03:59:31,460 [INFO] PluginManager:213 - loadIPPluginJar : add aes
2022-07-22 03:59:31,497 [INFO] IPUIPlugin:75 - create IPUIPlugin
2022-07-22 03:59:31,497 [INFO] PluginManager:213 - loadIPPluginJar : add can
2022-07-22 03:59:31,518 [INFO] IPUIPlugin:75 - create IPUIPlugin
2022-07-22 03:59:31,518 [INFO] PluginManager:213 - loadIPPluginJar : add comp
2022-07-22 03:59:31,546 [INFO] IPUIPlugin:75 - create IPUIPlugin
2022-07-22 03:59:31,547 [INFO] PluginManager:213 - loadIPPluginJar : add cryp
2022-07-22 03:59:31,576 [INFO] IPUIPlugin:75 - create IPUIPlugin
2022-07-22 03:59:31,576 [INFO] PluginManager:213 - loadIPPluginJar : add dfsdm
2022-07-22 03:59:31,594 [INFO] IPUIPlugin:75 - create IPUIPlugin
2022-07-22 03:59:31,595 [INFO] PluginManager:213 - loadIPPluginJar : add dma
2022-07-22 03:59:31,636 [INFO] IPUIPlugin:75 - create IPUIPlugin
2022-07-22 03:59:31,636 [INFO] PluginManager:213 - loadIPPluginJar : add dma3
2022-07-22 03:59:31,656 [INFO] IPUIPlugin:75 - create IPUIPlugin
2022-07-22 03:59:31,657 [INFO] PluginManager:213 - loadIPPluginJar : add fatfs
2022-07-22 03:59:31,705 [INFO] IPUIPlugin:75 - create IPUIPlugin
2022-07-22 03:59:31,706 [INFO] PluginManager:213 - loadIPPluginJar : add fmc
2022-07-22 03:59:31,725 [INFO] IPUIPlugin:75 - create IPUIPlugin
2022-07-22 03:59:31,725 [INFO] PluginManager:213 - loadIPPluginJar : add freertos
2022-07-22 03:59:31,744 [INFO] IPUIPlugin:75 - create IPUIPlugin
2022-07-22 03:59:31,744 [INFO] PluginManager:213 - loadIPPluginJar : add genericplugin
2022-07-22 03:59:31,832 [INFO] IPUIPlugin:75 - create IPUIPlugin
2022-07-22 03:59:31,833 [INFO] PluginManager:213 - loadIPPluginJar : add gfxmmu
2022-07-22 03:59:31,966 [INFO] IPUIPlugin:75 - create IPUIPlugin
2022-07-22 03:59:31,966 [INFO] PluginManager:213 - loadIPPluginJar : add gic
2022-07-22 03:59:31,981 [INFO] IPUIPlugin:75 - create IPUIPlugin
2022-07-22 03:59:31,981 [INFO] PluginManager:213 - loadIPPluginJar : add gpio
2022-07-22 03:59:32,063 [INFO] IPUIPlugin:75 - create IPUIPlugin
2022-07-22 03:59:32,063 [INFO] PluginManager:213 - loadIPPluginJar : add gtzc
2022-07-22 03:59:32,090 [INFO] IPUIPlugin:75 - create IPUIPlugin
2022-07-22 03:59:32,090 [INFO] PluginManager:213 - loadIPPluginJar : add hash
2022-07-22 03:59:32,146 [INFO] IPUIPlugin:75 - create IPUIPlugin
2022-07-22 03:59:32,146 [INFO] PluginManager:213 - loadIPPluginJar : add i2c
2022-07-22 03:59:32,192 [INFO] IPUIPlugin:75 - create IPUIPlugin
2022-07-22 03:59:32,192 [INFO] PluginManager:213 - loadIPPluginJar : add i2s
2022-07-22 03:59:32,208 [INFO] IPUIPlugin:75 - create IPUIPlugin
2022-07-22 03:59:32,209 [INFO] PluginManager:213 - loadIPPluginJar : add ipddr
2022-07-22 03:59:32,318 [INFO] IPUIPlugin:75 - create IPUIPlugin
2022-07-22 03:59:32,319 [INFO] PluginManager:213 - loadIPPluginJar : add linkedlist
2022-07-22 03:59:32,356 [INFO] IPUIPlugin:75 - create IPUIPlugin
2022-07-22 03:59:32,356 [INFO] PluginManager:213 - loadIPPluginJar : add lorawan
2022-07-22 03:59:32,397 [INFO] IPUIPlugin:75 - create IPUIPlugin
2022-07-22 03:59:32,398 [INFO] PluginManager:213 - loadIPPluginJar : add ltdc
2022-07-22 03:59:32,418 [INFO] IPUIPlugin:75 - create IPUIPlugin
2022-07-22 03:59:32,419 [INFO] PluginManager:213 - loadIPPluginJar : add mdma
2022-07-22 03:59:32,433 [INFO] IPUIPlugin:75 - create IPUIPlugin
2022-07-22 03:59:32,434 [INFO] PluginManager:213 - loadIPPluginJar : add nvic
2022-07-22 03:59:32,469 [INFO] IPUIPlugin:75 - create IPUIPlugin
2022-07-22 03:59:32,469 [INFO] PluginManager:213 - loadIPPluginJar : add opamp
2022-07-22 03:59:32,527 [INFO] IPUIPlugin:75 - create IPUIPlugin
2022-07-22 03:59:32,527 [INFO] PluginManager:213 - loadIPPluginJar : add openamp
2022-07-22 03:59:32,567 [INFO] IPUIPlugin:75 - create IPUIPlugin
2022-07-22 03:59:32,568 [INFO] PluginManager:213 - loadIPPluginJar : add pdm2pcm
2022-07-22 03:59:32,586 [INFO] IPUIPlugin:75 - create IPUIPlugin
2022-07-22 03:59:32,591 [INFO] PluginManager:213 - loadIPPluginJar : add plateformsettings
2022-07-22 03:59:32,612 [INFO] IPUIPlugin:75 - create IPUIPlugin
2022-07-22 03:59:32,612 [INFO] PluginManager:213 - loadIPPluginJar : add quadspi
2022-07-22 03:59:32,626 [INFO] IPUIPlugin:75 - create IPUIPlugin
2022-07-22 03:59:32,626 [INFO] PluginManager:213 - loadIPPluginJar : add resmgrutility
2022-07-22 03:59:32,676 [INFO] IPUIPlugin:75 - create IPUIPlugin
2022-07-22 03:59:32,676 [INFO] PluginManager:213 - loadIPPluginJar : add sai
2022-07-22 03:59:32,714 [INFO] IPUIPlugin:75 - create IPUIPlugin
2022-07-22 03:59:32,715 [INFO] PluginManager:213 - loadIPPluginJar : add spi
2022-07-22 03:59:32,772 [INFO] IPUIPlugin:75 - create IPUIPlugin
2022-07-22 03:59:32,773 [INFO] PluginManager:213 - loadIPPluginJar : add stm32_wpan
2022-07-22 03:59:32,795 [INFO] IPUIPlugin:75 - create IPUIPlugin
2022-07-22 03:59:32,795 [INFO] PluginManager:213 - loadIPPluginJar : add tim
2022-07-22 03:59:32,851 [INFO] IPUIPlugin:75 - create IPUIPlugin
2022-07-22 03:59:32,851 [INFO] PluginManager:213 - loadIPPluginJar : add touchsensing
2022-07-22 03:59:32,876 [INFO] IPUIPlugin:75 - create IPUIPlugin
2022-07-22 03:59:32,876 [INFO] PluginManager:213 - loadIPPluginJar : add tracer_emb
2022-07-22 03:59:32,897 [INFO] IPUIPlugin:75 - create IPUIPlugin
2022-07-22 03:59:32,898 [INFO] PluginManager:213 - loadIPPluginJar : add ts
2022-07-22 03:59:32,918 [INFO] IPUIPlugin:75 - create IPUIPlugin
2022-07-22 03:59:32,918 [INFO] PluginManager:213 - loadIPPluginJar : add tsc
2022-07-22 03:59:32,940 [INFO] IPUIPlugin:75 - create IPUIPlugin
2022-07-22 03:59:32,940 [INFO] PluginManager:213 - loadIPPluginJar : add ucpd
2022-07-22 03:59:33,002 [INFO] IPUIPlugin:75 - create IPUIPlugin
2022-07-22 03:59:33,003 [INFO] PluginManager:213 - loadIPPluginJar : add usart
2022-07-22 03:59:33,069 [INFO] IPUIPlugin:75 - create IPUIPlugin
2022-07-22 03:59:33,069 [INFO] PluginManager:213 - loadIPPluginJar : add usbx
2022-07-22 03:59:33,263 [INFO] ThirdPartyUpdaterWithRetryManager:66 - Updater plugin not ready yet. [2/15]
2022-07-22 03:59:33,529 [FATAL] Updater:297 - Updater called before beeing initialized
2022-07-22 03:59:33,740 [FATAL] Updater:297 - Updater called before beeing initialized
2022-07-22 03:59:33,754 [INFO] DbMcusAds:47 - JSON generation date=Thu Sep 30 13:55:09 ICT 2021 (1632984909377)
2022-07-22 03:59:33,754 [FATAL] Updater:297 - Updater called before beeing initialized
2022-07-22 03:59:33,879 [WARN] DetailPanel:320 - Failed to get advertising image, set to default
2022-07-22 03:59:34,084 [FATAL] Updater:297 - Updater called before beeing initialized
2022-07-22 03:59:34,088 [FATAL] Updater:297 - Updater called before beeing initialized
2022-07-22 03:59:34,088 [FATAL] Updater:297 - Updater called before beeing initialized
2022-07-22 03:59:34,088 [WARN] DetailPanel:320 - Failed to get advertising image, set to default
2022-07-22 03:59:34,089 [FATAL] Updater:297 - Updater called before beeing initialized
2022-07-22 03:59:34,202 [INFO] Updater:1026 - Updater Version found : 6.5.0
2022-07-22 03:59:34,232 [INFO] ApplicationProperties:181 - Using Application install path: C:\ST\STM32CubeIDE_1.9.0\STM32CubeIDE\plugins\com.st.stm32cube.common.mx_6.5.0.202202251913
2022-07-22 03:59:36,273 [FATAL] Updater:297 - Updater called before beeing initialized
2022-07-22 03:59:36,276 [ERROR] IntegrityCheckThread:124 - Cannot retrieve database content from updater: error 21
2022-07-22 03:59:36,278 [INFO] ThirdParty:925 - Integrity check success = false
2022-07-22 03:59:36,279 [INFO] IntegrityCheckThread:94 - exiting critical section [integrity check]
2022-07-22 03:59:36,280 [INFO] IntegrityCheckThread:97 - End integrity checks thread
2022-07-22 03:59:36,660 [INFO] MainUpdater:2729 - connection check result : 10
2022-07-22 03:59:36,661 [INFO] MainUpdater:276 - Updater Check For Update Now.
2022-07-22 03:59:36,662 [INFO] MicroXplorer:477 - Change Database Version : DB.6.0.50
2022-07-22 03:59:37,021 [INFO] CheckServerUpdateThread:115 - End of CheckServer Thread
2022-07-22 03:59:37,132 [INFO] MainUpdater:2729 - connection check result : 10
2022-07-22 03:59:38,372 [INFO] McuFinderGlobals:52 - Set McuFinderConnectedMode to true
2022-07-22 03:59:38,423 [INFO] MultiScanPanel:195 - Auto-refresh data requested => check proxy status ongoing
2022-07-22 03:59:38,430 [INFO] FinderPluginLoader:87 - Searching for filters in installed packs
2022-07-22 03:59:38,608 [INFO] ApiDb:567 - Connected to CubeFinder SQLite database (C:\Users\MY COMPUTER\.stmcufinder\plugins\mcufinder\mcu\cube-finder-db.db)
2022-07-22 03:59:38,689 [INFO] ApiDb:654 - CubeFinder database Data Model version=2.1
2022-07-22 03:59:38,690 [INFO] ApiDb:655 - CubeFinder database Configuration version=3.0.32
2022-07-22 03:59:38,690 [INFO] ApiDb:656 - CubeFinder database generation date=2022-07-13 (1657716335)
2022-07-22 03:59:38,690 [INFO] ApiDb:657 - CubeFinder database FW Pack versions=[STM32Cube_FW_C0_V1.0.0, STM32Cube_FW_F4_V1.27.1, STM32Cube_FW_F7_V1.17.0, STM32Cube_FW_G0_V1.6.1, STM32Cube_FW_G4_V1.5.0, STM32Cube_FW_H7_V1.10.0, STM32Cube_FW_L5_V1.4.0, STM32Cube_FW_U5_V1.1.1, STM32Cube_FW_WB_V1.14.0, STM32Cube_FW_WL_V1.2.0, X-CUBE-ALGOBUILD_V1.3.0, X-CUBE-ALS_V1.0.1, X-CUBE-AZRTOS-F4_V1.0.0, X-CUBE-AZRTOS-F7_V1.1.0, X-CUBE-AZRTOS-G0_V1.1.0, X-CUBE-AZRTOS-G4_V1.0.0, X-CUBE-AZRTOS-H7_V2.1.0, X-CUBE-AZRTOS-L4_V1.0.0, X-CUBE-AZRTOS-L5_V1.0.0, X-CUBE-AZRTOS-WL_V1.0.0, X-CUBE-BLE1_V6.2.3, X-CUBE-BLE2_V3.3.0, X-CUBE-EEPRMA1_V3.1.1, X-CUBE-GNSS1_V6.0.0, X-CUBE-MEMS1_V9.1.0, X-CUBE-NFC4_V2.0.3, X-CUBE-NFC7_V1.0.0, X-CUBE-SFXS2LP1_V3.1.0, X-CUBE-SUBG2_V5.0.0]
2022-07-22 03:59:42,077 [INFO] ApiDb:212 - Found 97 in-development CPN: [NUCLEO-C031C6, STM32C0116-DK, STM32C011D6Y3TR, STM32C011D6Y6TR, STM32C011F4P3, STM32C011F4P6, STM32C011F4U3, STM32C011F4U6TR, STM32C011F6P3, STM32C011F6P6, STM32C011F6U3, STM32C011F6U6TR, STM32C011J4M3, STM32C011J4M6, STM32C011J6M3, STM32C011J6M6, STM32C0316-DK, STM32C031C4T3, STM32C031C4T6, STM32C031C4U3, STM32C031C4U6, STM32C031C6T3, STM32C031C6T6, STM32C031C6U3, STM32C031C6U6, STM32C031F4P3, STM32C031F4P6, STM32C031F6P3, STM32C031F6P6, STM32C031G4U3, STM32C031G4U6, STM32C031G6U3, STM32C031G6U6, STM32C031K4T3, STM32C031K4T6, STM32C031K4U3, STM32C031K4U6, STM32C031K6T3, STM32C031K6T6, STM32C031K6U3, STM32C031K6U6, STM32G071K8TXN, STM32G071K8UXN, STM32G081GBU6N, STM32G081KBT6N, STM32G081KBUXN, STM32G0B1CCT6N, STM32G0B1KCT6, STM32G0B1NEY6, STM32G0B1NEY6TR, STM32G0B1RCT6N, STM32G0C1CCT6, STM32G0C1CCT6N, STM32G0C1CCU6N, STM32G0C1CET6N, STM32G0C1CEU6N, STM32G0C1KCT6, STM32G0C1NEY6TR, STM32G0C1RCI6N, STM32G0C1RCT6N, STM32G0C1REI6N, STM32G0C1RET6N, STM32G0C1VCI6, STM32G0C1VEI6, STM32G471CCT6, STM32G471CCU6, STM32G471CET3, STM32G471CET6, STM32G471CEU3, STM32G471CEU6, STM32G471MCT6, STM32G471MET3, STM32G471MET6, STM32G471MEY6TR, STM32G471QCT6, STM32G471QET3, STM32G471RCT6, STM32G471RET3, STM32G471RET6, STM32G471VCH6, STM32G471VCI6, STM32G471VCT6, STM32G471VEH3, STM32G471VEH6, STM32G471VEI3, STM32G471VEI6, STM32G471VET3, STM32G471VET6, STM32G474CCT6, STM32L4R5QGI6STR, STM32U595ZJT6Q, STM32U599BJY6QTR, STM32U599NIH6Q, STM32U599NJH6Q, STM32U5A5ZJT6Q, STM32U5A9BJY6QTR, STM32U5A9NJH6Q]
2022-07-22 03:59:42,085 [INFO] DbMcus:201 - Found 3505 MCUs, 3505 are supported
2022-07-22 03:59:42,089 [INFO] ApiDb:407 - Load user favorites file C:\Users\MY COMPUTER/.stm32cubeide/favorites.mcus.txt: 0 item(s)
2022-07-22 03:59:42,089 [INFO] ApiDb:411 - User favorites MCUs=[]
2022-07-22 03:59:42,090 [INFO] DbMcus:207 - Set 0 / 0 favorites MCUs
2022-07-22 03:59:44,261 [INFO] LoadUrlFilesThread:173 - End of LoadServerUrlFiles without Thread
2022-07-22 03:59:44,317 [INFO] DetailPanel:315 - Set advertising image to C:/Users/MY COMPUTER/STM32Cube/Repository/\en.Prom_NBSTM32U50921.jpg
2022-07-22 03:59:45,603 [INFO] MultiScanPanel:787 - Auto Refresh Data is not needed
2022-07-22 03:59:45,615 [INFO] ApiDb:654 - CubeFinder database Data Model version=2.1
2022-07-22 03:59:45,616 [INFO] ApiDb:655 - CubeFinder database Configuration version=3.0.32
2022-07-22 03:59:45,616 [INFO] ApiDb:656 - CubeFinder database generation date=2022-07-13 (1657716335)
2022-07-22 03:59:45,616 [INFO] ApiDb:657 - CubeFinder database FW Pack versions=[STM32Cube_FW_C0_V1.0.0, STM32Cube_FW_F4_V1.27.1, STM32Cube_FW_F7_V1.17.0, STM32Cube_FW_G0_V1.6.1, STM32Cube_FW_G4_V1.5.0, STM32Cube_FW_H7_V1.10.0, STM32Cube_FW_L5_V1.4.0, STM32Cube_FW_U5_V1.1.1, STM32Cube_FW_WB_V1.14.0, STM32Cube_FW_WL_V1.2.0, X-CUBE-ALGOBUILD_V1.3.0, X-CUBE-ALS_V1.0.1, X-CUBE-AZRTOS-F4_V1.0.0, X-CUBE-AZRTOS-F7_V1.1.0, X-CUBE-AZRTOS-G0_V1.1.0, X-CUBE-AZRTOS-G4_V1.0.0, X-CUBE-AZRTOS-H7_V2.1.0, X-CUBE-AZRTOS-L4_V1.0.0, X-CUBE-AZRTOS-L5_V1.0.0, X-CUBE-AZRTOS-WL_V1.0.0, X-CUBE-BLE1_V6.2.3, X-CUBE-BLE2_V3.3.0, X-CUBE-EEPRMA1_V3.1.1, X-CUBE-GNSS1_V6.0.0, X-CUBE-MEMS1_V9.1.0, X-CUBE-NFC4_V2.0.3, X-CUBE-NFC7_V1.0.0, X-CUBE-SFXS2LP1_V3.1.0, X-CUBE-SUBG2_V5.0.0]
2022-07-22 03:59:45,747 [INFO] DbBoardsSqlite:220 - include board P-NUCLEO-WB55-NUCLEO as a kit item of type 'Nucleo-64'
2022-07-22 03:59:45,748 [INFO] DbBoardsSqlite:220 - include board P-NUCLEO-WB55-USBDONGLE as a kit item of type 'Nucleo USB Dongle'
2022-07-22 03:59:45,749 [INFO] DbBoardsSqlite:220 - include board STEVAL-IDP005V1 as a kit item of type 'Evaluation Board'
2022-07-22 03:59:45,750 [INFO] DbBoardsSqlite:220 - include board STEVAL-IDP005V2 as a kit item of type 'Evaluation Board'
2022-07-22 03:59:45,775 [INFO] ApiDb:212 - Found 97 in-development CPN: [NUCLEO-C031C6, STM32C0116-DK, STM32C011D6Y3TR, STM32C011D6Y6TR, STM32C011F4P3, STM32C011F4P6, STM32C011F4U3, STM32C011F4U6TR, STM32C011F6P3, STM32C011F6P6, STM32C011F6U3, STM32C011F6U6TR, STM32C011J4M3, STM32C011J4M6, STM32C011J6M3, STM32C011J6M6, STM32C0316-DK, STM32C031C4T3, STM32C031C4T6, STM32C031C4U3, STM32C031C4U6, STM32C031C6T3, STM32C031C6T6, STM32C031C6U3, STM32C031C6U6, STM32C031F4P3, STM32C031F4P6, STM32C031F6P3, STM32C031F6P6, STM32C031G4U3, STM32C031G4U6, STM32C031G6U3, STM32C031G6U6, STM32C031K4T3, STM32C031K4T6, STM32C031K4U3, STM32C031K4U6, STM32C031K6T3, STM32C031K6T6, STM32C031K6U3, STM32C031K6U6, STM32G071K8TXN, STM32G071K8UXN, STM32G081GBU6N, STM32G081KBT6N, STM32G081KBUXN, STM32G0B1CCT6N, STM32G0B1KCT6, STM32G0B1NEY6, STM32G0B1NEY6TR, STM32G0B1RCT6N, STM32G0C1CCT6, STM32G0C1CCT6N, STM32G0C1CCU6N, STM32G0C1CET6N, STM32G0C1CEU6N, STM32G0C1KCT6, STM32G0C1NEY6TR, STM32G0C1RCI6N, STM32G0C1RCT6N, STM32G0C1REI6N, STM32G0C1RET6N, STM32G0C1VCI6, STM32G0C1VEI6, STM32G471CCT6, STM32G471CCU6, STM32G471CET3, STM32G471CET6, STM32G471CEU3, STM32G471CEU6, STM32G471MCT6, STM32G471MET3, STM32G471MET6, STM32G471MEY6TR, STM32G471QCT6, STM32G471QET3, STM32G471RCT6, STM32G471RET3, STM32G471RET6, STM32G471VCH6, STM32G471VCI6, STM32G471VCT6, STM32G471VEH3, STM32G471VEH6, STM32G471VEI3, STM32G471VEI6, STM32G471VET3, STM32G471VET6, STM32G474CCT6, STM32L4R5QGI6STR, STM32U595ZJT6Q, STM32U599BJY6QTR, STM32U599NIH6Q, STM32U599NJH6Q, STM32U5A5ZJT6Q, STM32U5A9BJY6QTR, STM32U5A9NJH6Q]
2022-07-22 03:59:46,015 [INFO] BoardInfo:872 - No configuration file found for board P-NUCLEO-WB55
2022-07-22 03:59:46,015 [INFO] DbBoards:144 - Kit is not supported: P-NUCLEO-WB55
2022-07-22 03:59:46,022 [INFO] BoardInfo:872 - No configuration file found for board STEVAL-ASTRA1B
2022-07-22 03:59:46,023 [INFO] DbBoards:144 - Board is not supported: STEVAL-ASTRA1B
2022-07-22 03:59:46,025 [INFO] BoardInfo:872 - No configuration file found for board STEVAL-BFA001V1B
2022-07-22 03:59:46,025 [INFO] DbBoards:144 - Kit is not supported: STEVAL-BFA001V1B
2022-07-22 03:59:46,028 [INFO] BoardInfo:872 - No configuration file found for board STEVAL-BFA001V2B
2022-07-22 03:59:46,028 [INFO] DbBoards:144 - Kit is not supported: STEVAL-BFA001V2B
2022-07-22 03:59:46,294 [INFO] DbBoards:148 - Found 173 boards, 169 are supported
2022-07-22 03:59:46,302 [INFO] ApiDb:407 - Load user favorites file C:\Users\MY COMPUTER/.stm32cubeide/favorites.boards.txt: 0 item(s)
2022-07-22 03:59:46,304 [INFO] ApiDb:411 - User favorites Boards=[]
2022-07-22 03:59:46,305 [INFO] DbBoards:174 - Set 0 / 0 favorites Boards
2022-07-22 03:59:50,392 [INFO] MultiScanPanel:195 - Auto-refresh data requested => check proxy status ongoing
2022-07-22 03:59:50,666 [INFO] LoadUrlFilesThread:173 - End of LoadServerUrlFiles without Thread
2022-07-22 03:59:50,667 [INFO] DetailPanel:315 - Set advertising image to C:/Users/MY COMPUTER/STM32Cube/Repository/\en.Prom_NBSTM32U50921.jpg
2022-07-22 03:59:50,685 [INFO] DbBoards:259 - Loading board mini-images...
2022-07-22 03:59:51,036 [ERROR] DbBoards:279 - No image file defined for board NUCLEO-C031C6
2022-07-22 03:59:52,479 [ERROR] DbBoards:276 - Image file not found for board P-L496G-CELL01: C:\ST\STM32CubeIDE_1.9.0\STM32CubeIDE\plugins\com.st.stm32cube.common.mx_6.5.0.202202251913\\db\/plugins/mcufinder/images/boards/P-L496G-CELL01.jpg
2022-07-22 03:59:52,528 [ERROR] DbBoards:276 - Image file not found for board STEVAL-ASTRA1B: C:\ST\STM32CubeIDE_1.9.0\STM32CubeIDE\plugins\com.st.stm32cube.common.mx_6.5.0.202202251913\\db\/plugins/mcufinder/images/boards/STEVAL-ASTRA1B_Image.jpg
2022-07-22 03:59:52,613 [ERROR] DbBoards:279 - No image file defined for board STM32091C-EVAL
2022-07-22 03:59:52,614 [ERROR] DbBoards:279 - No image file defined for board STM32100E-EVAL
2022-07-22 03:59:52,614 [ERROR] DbBoards:279 - No image file defined for board STM3210C-EVAL
2022-07-22 03:59:52,629 [ERROR] DbBoards:279 - No image file defined for board STM3221G-EVAL
2022-07-22 03:59:52,629 [ERROR] DbBoards:279 - No image file defined for board STM32303C-EVAL
2022-07-22 03:59:52,727 [ERROR] DbBoards:279 - No image file defined for board STM32479I-EVAL
2022-07-22 03:59:52,727 [ERROR] DbBoards:279 - No image file defined for board STM32746G-EVAL2
2022-07-22 03:59:52,745 [ERROR] DbBoards:279 - No image file defined for board STM32C0116-DK
2022-07-22 03:59:52,745 [ERROR] DbBoards:279 - No image file defined for board STM32C0316-DK
2022-07-22 03:59:52,786 [ERROR] DbBoards:279 - No image file defined for board STM32F401C-DISCO
2022-07-22 03:59:52,873 [ERROR] DbBoards:279 - No image file defined for board STM32F7308-DK
2022-07-22 03:59:53,037 [ERROR] DbBoards:279 - No image file defined for board STM32F779I-EVAL
2022-07-22 03:59:53,285 [ERROR] DbBoards:279 - No image file defined for board STM32H747I-EVAL
2022-07-22 03:59:53,345 [ERROR] DbBoards:279 - No image file defined for board STM32L-DISCOVERY
2022-07-22 03:59:53,398 [ERROR] DbBoards:279 - No image file defined for board STM32L152D-EVAL
2022-07-22 03:59:53,756 [INFO] DbBoards:282 - Loaded 155 board mini-images
2022-07-22 03:59:53,914 [INFO] MultiScanPanel:787 - Auto Refresh Data is not needed
2022-07-22 04:00:16,588 [INFO] McuFinderGlobals:52 - Set McuFinderConnectedMode to true
2022-07-22 04:00:16,591 [INFO] ApiDb:432 - Save user favorites file C:\Users\MY COMPUTER/.stm32cubeide/favorites.mcus.txt: 0 item(s)
2022-07-22 04:00:16,592 [INFO] ApiDb:436 - User favorites MCUs=[]
2022-07-22 04:00:16,598 [INFO] ApiDb:432 - Save user favorites file C:\Users\MY COMPUTER/.stm32cubeide/favorites.boards.txt: 0 item(s)
2022-07-22 04:00:16,599 [INFO] ApiDb:436 - User favorites Boards=[]
2022-07-22 06:48:40,076 [INFO] Activator:177 - 


2022-07-22 06:48:40,081 [INFO] Activator:178 - !SESSION log4j initialized
2022-07-22 22:30:04,586 [INFO] Activator:177 - 


2022-07-22 22:30:04,590 [INFO] Activator:178 - !SESSION log4j initialized
2022-07-23 06:27:02,059 [INFO] Activator:177 - 


2022-07-23 06:27:02,063 [INFO] Activator:178 - !SESSION log4j initialized
2022-07-23 18:53:59,666 [INFO] Activator:177 - 


2022-07-23 18:53:59,666 [INFO] Activator:178 - !SESSION log4j initialized
